[debug] [2026-04-13T08:01:26.602Z] ----------------------------------------------------------------------
[debug] [2026-04-13T08:01:26.604Z] Command:       C:\Program Files\nodejs\node.exe C:\Users\User\AppData\Roaming\npm\node_modules\firebase-tools\lib\bin\firebase.js deploy --only hosting --debug
[debug] [2026-04-13T08:01:26.604Z] CLI Version:   15.14.0
[debug] [2026-04-13T08:01:26.604Z] Platform:      win32
[debug] [2026-04-13T08:01:26.604Z] Node Version:  v24.11.1
[debug] [2026-04-13T08:01:26.604Z] Time:          Mon Apr 13 2026 16:01:26 GMT+0800 (Central Indonesia Time)
[debug] [2026-04-13T08:01:26.604Z] ----------------------------------------------------------------------
[debug] 
[debug] [2026-04-13T08:01:27.388Z] Object "" in "firebase.json" has unknown property: {"additionalProperty":"flutter"}
[debug] [2026-04-13T08:01:27.391Z] > command requires scopes: ["email","openid","https://www.googleapis.com/auth/cloudplatformprojects.readonly","https://www.googleapis.com/auth/firebase","https://www.googleapis.com/auth/cloud-platform"]
[debug] [2026-04-13T08:01:27.391Z] > authorizing via signed-in user (25006645@siswa.um.edu.my)
[debug] [2026-04-13T08:01:27.391Z] [iam] checking project careloop-b2ec8 for permissions ["firebase.projects.get","firebasehosting.sites.update"]
[debug] [2026-04-13T08:01:27.392Z] Checked if tokens are valid: true, expires at: 1776069035259
[debug] [2026-04-13T08:01:27.392Z] Checked if tokens are valid: true, expires at: 1776069035259
[debug] [2026-04-13T08:01:27.393Z] >>> [apiv2][query] POST https://cloudresourcemanager.googleapis.com/v1/projects/careloop-b2ec8:testIamPermissions [none]
[debug] [2026-04-13T08:01:27.393Z] >>> [apiv2][(partial)header] POST https://cloudresourcemanager.googleapis.com/v1/projects/careloop-b2ec8:testIamPermissions  x-goog-user-project=careloop-b2ec8
[debug] [2026-04-13T08:01:27.393Z] >>> [apiv2][body] POST https://cloudresourcemanager.googleapis.com/v1/projects/careloop-b2ec8:testIamPermissions {"permissions":["firebase.projects.get","firebasehosting.sites.update"]}
[debug] [2026-04-13T08:01:28.559Z] <<< [apiv2][status] POST https://cloudresourcemanager.googleapis.com/v1/projects/careloop-b2ec8:testIamPermissions 200
[debug] [2026-04-13T08:01:28.560Z] <<< [apiv2][body] POST https://cloudresourcemanager.googleapis.com/v1/projects/careloop-b2ec8:testIamPermissions {"permissions":["firebase.projects.get","firebasehosting.sites.update"]}
[debug] [2026-04-13T08:01:28.562Z] Checked if tokens are valid: true, expires at: 1776069035259
[debug] [2026-04-13T08:01:28.562Z] Checked if tokens are valid: true, expires at: 1776069035259
[debug] [2026-04-13T08:01:28.563Z] >>> [apiv2][query] GET https://firebase.googleapis.com/v1beta1/projects/careloop-b2ec8 [none]
[debug] [2026-04-13T08:01:29.016Z] <<< [apiv2][status] GET https://firebase.googleapis.com/v1beta1/projects/careloop-b2ec8 200
[debug] [2026-04-13T08:01:29.017Z] <<< [apiv2][body] GET https://firebase.googleapis.com/v1beta1/projects/careloop-b2ec8 {"projectId":"careloop-b2ec8","projectNumber":"362769739395","displayName":"CareLoop","name":"projects/careloop-b2ec8","resources":{"hostingSite":"careloop-b2ec8"},"state":"ACTIVE","etag":"1_d561aaf7-2559-470b-acf1-d11215b62b58"}
[info] 
[info] === Deploying to 'careloop-b2ec8'...
[info] 
[info] i  deploying hosting 
[debug] [2026-04-13T08:01:29.026Z] Checked if tokens are valid: true, expires at: 1776069035259
[debug] [2026-04-13T08:01:29.027Z] Checked if tokens are valid: true, expires at: 1776069035259
[debug] [2026-04-13T08:01:29.027Z] >>> [apiv2][query] POST https://firebasehosting.googleapis.com/v1beta1/projects/-/sites/careloop-b2ec8/versions [none]
[debug] [2026-04-13T08:01:29.028Z] >>> [apiv2][body] POST https://firebasehosting.googleapis.com/v1beta1/projects/-/sites/careloop-b2ec8/versions {"status":"CREATED","labels":{"deployment-tool":"cli-firebase"}}
[debug] [2026-04-13T08:01:30.190Z] <<< [apiv2][status] POST https://firebasehosting.googleapis.com/v1beta1/projects/-/sites/careloop-b2ec8/versions 200
[debug] [2026-04-13T08:01:30.191Z] <<< [apiv2][body] POST https://firebasehosting.googleapis.com/v1beta1/projects/-/sites/careloop-b2ec8/versions {"name":"projects/362769739395/sites/careloop-b2ec8/versions/f6127ea876eec61a","status":"CREATED","config":{},"labels":{"deployment-tool":"cli-firebase"}}
[info] i  hosting[careloop-b2ec8]: beginning deploy... 
[info] i  hosting[careloop-b2ec8]: found 35 files in build/web 
[debug] [2026-04-13T08:01:30.216Z] [hosting] uploading with 200 concurrency
[debug] [2026-04-13T08:01:30.220Z] Checked if tokens are valid: true, expires at: 1776069035259
[debug] [2026-04-13T08:01:30.220Z] Checked if tokens are valid: true, expires at: 1776069035259
[debug] [2026-04-13T08:01:30.221Z] [hosting] hash cache [YnVpbGRcd2Vi] stored for 35 files
[debug] [2026-04-13T08:01:30.221Z] [hosting][hash queue][FINAL] {"max":1,"min":0,"avg":0,"active":0,"complete":35,"success":35,"errored":0,"retried":0,"total":35,"elapsed":3}
[debug] [2026-04-13T08:01:30.221Z] >>> [apiv2][query] POST https://firebasehosting.googleapis.com/v1beta1/projects/362769739395/sites/careloop-b2ec8/versions/f6127ea876eec61a:populateFiles [none]
[debug] [2026-04-13T08:01:30.221Z] >>> [apiv2][body] POST https://firebasehosting.googleapis.com/v1beta1/projects/362769739395/sites/careloop-b2ec8/versions/f6127ea876eec61a:populateFiles {"files":{"/version.json":"3342fe36f6ecd692a3fb871c549a9ceab0b54eaec07a1cd170908a0468a4afea","/manifest.json":"4db69b956782360efd31fc1cc65e11674aebf22f83f273fd046a44e8202ddf4f","/main.dart.js":"4697d44e4eebcad4ed257efba00a411e4b891bb963cac7861e86aaab5d7f5c16","/index.html":"95c68d5e83bf2ebe07fabe4bac18ec5cd8a146808264935d2cfc3c1cfa733273","/flutter_service_worker.js":"c73b271847ffc78c576de35e95f6b46187eefb1d97dcb08eb9d84c45954ff310","/flutter_bootstrap.js":"fe888a9cb243b12f14ec9309a9b1a8b1fd719e75ffcee075f9506c80c9f76a35","/flutter.js":"f18220d166d49cbef02491208c46f2c5e54db9739184e304fc55b199b5724407","/firebase-messaging-sw.js":"473d0c5f911ea12a543741bc0444876aa92e7dbf5c7c79c6f04c2f5691d6ee5e","/favicon.png":"19880e004e8357a51f6a64f5d1fdc8828a6432fe9c781f8acb6b730eced2cd13","/icons/Icon-maskable-512.png":"53720f3e8b45a3b5c4807e927ab5b09f96e152911de5bc783adae2476ff716d0","/icons/Icon-maskable-192.png":"6cc9d193ea74934cbcd9253d212b1350b271ab0b80dc6aef2d808d69efab0d2c","/icons/Icon-512.png":"53720f3e8b45a3b5c4807e927ab5b09f96e152911de5bc783adae2476ff716d0","/icons/Icon-192.png":"f6818cc25612c281067e0f85bf5fd622c51bcbc7788703a2b2eb0e1de0d620a1","/canvaskit/wimp.wasm":"77abd773ba1776b6ce7b029866621aa42ec8a22dc43dd220af4896049260cb0a","/canvaskit/wimp.js.symbols":"cb643fbb407efb3d6735f5909c4ffd84bed8c3d8ce4840f72eb06471b18d8454","/canvaskit/wimp.js":"23db45b93eec24dd6db46ac5a6fafbf0063eb50c0dcd7d253f774e050ab1baa3","/canvaskit/skwasm_heavy.wasm":"acebd34ce89ba97c086405163d12ce74336e41bb7cca4e2fcd5011ecfabd945c","/canvaskit/skwasm_heavy.js.symbols":"d43798c11b7dbd26872e27d20df1c6c43637ebb95b4cc41fd19ff092ab2565bd","/canvaskit/skwasm_heavy.js":"dd3642e247a1ea4a8c519b76278011bb194471c590373ae2659f1d3cb793287c","/canvaskit/skwasm.wasm":"ad393be86fb17a251e0af39e56bcae5c26a4b9f20adbce626e0b7df796d89368","/canvaskit/skwasm.js.symbols":"91b787a0cd397c3cd089dc81519200c5bc35bfafa2996bb5ed4b1159553973f5","/canvaskit/skwasm.js":"91ea675d523ad0a19696479888658953e290f9798a43dae6b87d9ab60cc40c1a","/canvaskit/canvaskit.wasm":"67768ebd7649dfe70c348374dc34b732152d42467c2c335701958ba1be0949c8","/canvaskit/canvaskit.js.symbols":"a03cf8cdedf01be4a751225fa1bceadf8a783cb512ff87336bf76bb329fb29db","/canvaskit/canvaskit.js":"e0e67f4b85a07ff9b9861c9f49bf88860368ec96fb4115c0d4684f54596f9700","/canvaskit/chromium/canvaskit.wasm":"b3c17e127e4e8e4912409c050050f6f63a718b6f9618a7ec388948f2493174a6","/canvaskit/chromium/canvaskit.js.symbols":"17bdb78398d7be0b2662ad813c7f9387f79014aee6f1e3b7bf39dfe81e6b8b90","/canvaskit/chromium/canvaskit.js":"ed67753aa5382460fefd96876bf5dc40c5d242d56b37664abc8468a6772478df","/assets/NOTICES":"1182c9f00ed5887499cce03143f86a500ecdb01416eba8521b48a6abb8501ece","/assets/FontManifest.json":"1479aae12a3a535d1646297c7d9007f9819906eb6c4040f9db852e215f4d9782","/assets/AssetManifest.bin.json":"26d58be23c038bd85690795bd4a0aa112fd6c741f0ecd4af1a2be21bb6af0c8b","/assets/AssetManifest.bin":"4edb7b226e486ae45f327bbb14e276a1682e1d8a357aa6048d006253da06f2b7","/assets/shaders/stretch_effect.frag":"df37894a7ac7854986bfa5d515e9af03d9138bb77be4d027db848785ebe9e357","/assets/shaders/ink_sparkle.frag":"9d529f4d93e5dabf338537416221237a0042f9cee61c98a357340d0273c67293","/assets/fonts/MaterialIcons-Regular.otf":"0711619c378ff3cddb40ce0c3621c55e01e4df1d44d8a8a96899ad5f363ced33"}}
[debug] [2026-04-13T08:01:31.431Z] <<< [apiv2][status] POST https://firebasehosting.googleapis.com/v1beta1/projects/362769739395/sites/careloop-b2ec8/versions/f6127ea876eec61a:populateFiles 200
[debug] [2026-04-13T08:01:31.432Z] <<< [apiv2][body] POST https://firebasehosting.googleapis.com/v1beta1/projects/362769739395/sites/careloop-b2ec8/versions/f6127ea876eec61a:populateFiles {"uploadUrl":"https://upload-firebasehosting.googleapis.com/upload/sites/careloop-b2ec8/versions/f6127ea876eec61a/files"}
[debug] [2026-04-13T08:01:31.433Z] [hosting][populate queue][FINAL] {"max":1214,"min":1214,"avg":1214,"active":0,"complete":1,"success":1,"errored":0,"retried":0,"total":1,"elapsed":1214}
[debug] [2026-04-13T08:01:31.434Z] [hosting] uploads queued: 0
[debug] [2026-04-13T08:01:31.434Z] [hosting][upload queue][FINAL] {"max":0,"min":9999999999,"avg":0,"active":0,"complete":0,"success":0,"errored":0,"retried":0,"total":0,"elapsed":1776067291434}
[info] i  hosting: upload complete 
[info] +  hosting[careloop-b2ec8]: file upload complete 
[debug] [2026-04-13T08:01:31.436Z] [hosting] deploy completed after 1240ms
[debug] [2026-04-13T08:01:31.437Z] [
  {
    "config": {
      "public": "build/web",
      "ignore": [
        "firebase.json",
        "**/.*",
        "**/node_modules/**"
      ],
      "rewrites": [
        {
          "source": "**",
          "destination": "/index.html"
        }
      ],
      "site": "careloop-b2ec8"
    },
    "version": "projects/362769739395/sites/careloop-b2ec8/versions/f6127ea876eec61a"
  }
]
[info] i  hosting[careloop-b2ec8]: finalizing version... 
[debug] [2026-04-13T08:01:31.441Z] Checked if tokens are valid: true, expires at: 1776069035259
[debug] [2026-04-13T08:01:31.442Z] Checked if tokens are valid: true, expires at: 1776069035259
[debug] [2026-04-13T08:01:31.442Z] >>> [apiv2][query] PATCH https://firebasehosting.googleapis.com/v1beta1/projects/-/sites/careloop-b2ec8/versions/f6127ea876eec61a updateMask=status%2Cconfig
[debug] [2026-04-13T08:01:31.443Z] >>> [apiv2][body] PATCH https://firebasehosting.googleapis.com/v1beta1/projects/-/sites/careloop-b2ec8/versions/f6127ea876eec61a {"status":"FINALIZED","config":{"rewrites":[{"glob":"**","path":"/index.html"}]}}
[debug] [2026-04-13T08:01:32.262Z] <<< [apiv2][status] PATCH https://firebasehosting.googleapis.com/v1beta1/projects/-/sites/careloop-b2ec8/versions/f6127ea876eec61a 200
[debug] [2026-04-13T08:01:32.262Z] <<< [apiv2][body] PATCH https://firebasehosting.googleapis.com/v1beta1/projects/-/sites/careloop-b2ec8/versions/f6127ea876eec61a {"name":"projects/362769739395/sites/careloop-b2ec8/versions/f6127ea876eec61a","status":"FINALIZED","config":{"rewrites":[{"glob":"**","path":"/index.html"}]},"labels":{"deployment-tool":"cli-firebase"},"createTime":"2026-04-13T08:01:30.958007Z","createUser":{"email":"25006645@siswa.um.edu.my"},"finalizeTime":"2026-04-13T08:01:33.324922Z","finalizeUser":{"email":"25006645@siswa.um.edu.my"}}
[debug] [2026-04-13T08:01:32.263Z] [hosting] finalized version for careloop-b2ec8:[object Object]
[info] +  hosting[careloop-b2ec8]: version finalized 
[info] i  hosting[careloop-b2ec8]: releasing new version... 
[debug] [2026-04-13T08:01:32.264Z] Checked if tokens are valid: true, expires at: 1776069035259
[debug] [2026-04-13T08:01:32.264Z] Checked if tokens are valid: true, expires at: 1776069035259
[debug] [2026-04-13T08:01:32.265Z] >>> [apiv2][query] POST https://firebasehosting.googleapis.com/v1beta1/projects/-/sites/careloop-b2ec8/channels/live/releases versionName=projects%2F362769739395%2Fsites%2Fcareloop-b2ec8%2Fversions%2Ff6127ea876eec61a
[debug] [2026-04-13T08:01:32.265Z] >>> [apiv2][body] POST https://firebasehosting.googleapis.com/v1beta1/projects/-/sites/careloop-b2ec8/channels/live/releases {}
[debug] [2026-04-13T08:01:33.091Z] <<< [apiv2][status] POST https://firebasehosting.googleapis.com/v1beta1/projects/-/sites/careloop-b2ec8/channels/live/releases 200
[debug] [2026-04-13T08:01:33.091Z] <<< [apiv2][body] POST https://firebasehosting.googleapis.com/v1beta1/projects/-/sites/careloop-b2ec8/channels/live/releases {"name":"projects/362769739395/sites/careloop-b2ec8/channels/live/releases/1776067293485000","version":{"name":"projects/362769739395/sites/careloop-b2ec8/versions/f6127ea876eec61a","status":"FINALIZED","config":{"rewrites":[{"glob":"**","path":"/index.html"}]},"labels":{"deployment-tool":"cli-firebase"},"createTime":"2026-04-13T08:01:30.958007Z","createUser":{"email":"25006645@siswa.um.edu.my","imageUrl":"https://lh3.googleusercontent.com/a/ACg8ocKA94f38NxZQ1KO1xQLOBoOnfoByU-DanNxh3dkPkrQyAU8_Q=mo"},"finalizeTime":"2026-04-13T08:01:33.324922Z","finalizeUser":{"email":"25006645@siswa.um.edu.my","imageUrl":"https://lh3.googleusercontent.com/a/ACg8ocKA94f38NxZQ1KO1xQLOBoOnfoByU-DanNxh3dkPkrQyAU8_Q=mo"}},"type":"DEPLOY","releaseTime":"2026-04-13T08:01:33.485Z","releaseUser":{"email":"25006645@siswa.um.edu.my","imageUrl":"https://lh3.googleusercontent.com/a/ACg8ocKA94f38NxZQ1KO1xQLOBoOnfoByU-DanNxh3dkPkrQyAU8_Q=mo"}}
[debug] [2026-04-13T08:01:33.092Z] [hosting] release: {"name":"projects/362769739395/sites/careloop-b2ec8/channels/live/releases/1776067293485000","version":{"name":"projects/362769739395/sites/careloop-b2ec8/versions/f6127ea876eec61a","status":"FINALIZED","config":{"rewrites":[{"glob":"**","path":"/index.html"}]},"labels":{"deployment-tool":"cli-firebase"},"createTime":"2026-04-13T08:01:30.958007Z","createUser":{"email":"25006645@siswa.um.edu.my","imageUrl":"https://lh3.googleusercontent.com/a/ACg8ocKA94f38NxZQ1KO1xQLOBoOnfoByU-DanNxh3dkPkrQyAU8_Q=mo"},"finalizeTime":"2026-04-13T08:01:33.324922Z","finalizeUser":{"email":"25006645@siswa.um.edu.my","imageUrl":"https://lh3.googleusercontent.com/a/ACg8ocKA94f38NxZQ1KO1xQLOBoOnfoByU-DanNxh3dkPkrQyAU8_Q=mo"}},"type":"DEPLOY","releaseTime":"2026-04-13T08:01:33.485Z","releaseUser":{"email":"25006645@siswa.um.edu.my","imageUrl":"https://lh3.googleusercontent.com/a/ACg8ocKA94f38NxZQ1KO1xQLOBoOnfoByU-DanNxh3dkPkrQyAU8_Q=mo"}}
[info] +  hosting[careloop-b2ec8]: release complete 
[info] 
[info] +  Deploy complete! 
[info] 
[info] Project Console: https://console.firebase.google.com/project/careloop-b2ec8/overview
[info] Hosting URL: https://careloop-b2ec8.web.app
